<?xml version="1.0" encoding="UTF-8"?>
<!-- Generated by org.testng.reporters.JUnitReportReporter -->
<testsuite hostname="DESKTOP-I6EP1Q3" failures="0" tests="1" name="dsAlgoTestRunner.Runner" time="20.899" errors="0" timestamp="2023-09-25T18:47:33 EDT" skipped="0">
  <testcase classname="dsAlgoTestRunner.Runner" name="runScenario" time="20.899"/>
</testsuite> <!-- dsAlgoTestRunner.Runner -->
